{
  "RSpec": {
    "coverage": {
      "/Users/leonid/src/macron-1/spec/cells/action_cell_spec.rb": [
        null,
        1,
        null,
        1,
        1,
        7,
        7,
        null,
        null,
        1,
        7,
        7,
        null,
        null,
        1,
        1,
        1,
        null,
        null,
        null,
        null,
        1,
        null,
        null,
        null,
        null,
        null,
        1,
        1,
        null,
        null,
        null,
        null,
        1,
        null,
        null,
        null,
        null,
        null,
        1,
        1,
        null,
        null,
        null,
        null,
        null,
        1,
        null,
        null,
        null,
        null,
        null,
        null,
        1,
        1,
        null,
        null,
        null,
        null,
        null,
        1,
        null,
        null,
        null,
        null,
        null,
        null,
        null,
        1,
        1,
        null,
        null,
        null,
        null,
        null,
        1,
        null,
        null,
        null,
        null,
        null,
        null,
        null,
        null,
        null,
        1,
        1,
        1,
        null,
        null,
        null,
        null,
        1,
        null,
        null,
        null,
        null,
        null,
        1,
        1,
        null,
        null,
        null,
        null,
        1,
        null,
        null,
        null,
        null,
        null,
        null,
        null
      ],
      "/Users/leonid/src/macron-1/spec/rails_helper.rb": [
        null,
        null,
        1,
        1,
        1,
        null,
        1,
        1,
        null,
        1,
        1,
        1,
        1,
        null,
        1,
        null,
        null,
        null,
        null,
        null,
        1,
        1,
        1,
        null,
        1,
        1,
        null,
        1,
        1,
        null
      ],
      "/Users/leonid/src/macron-1/config/environment.rb": [
        null,
        null,
        null,
        1,
        null,
        null,
        1
      ],
      "/Users/leonid/src/macron-1/config/application.rb": [
        null,
        null,
        1,
        null,
        1,
        null,
        null,
        null,
        1,
        null,
        1,
        1,
        null,
        1,
        null,
        1,
        null,
        1,
        null,
        1,
        1,
        1,
        1,
        null,
        null,
        null,
        1,
        null,
        null,
        null,
        null,
        null,
        null,
        null
      ],
      "/Users/leonid/src/macron-1/config/boot.rb": [
        null,
        null,
        1,
        null,
        1,
        1
      ],
      "/Users/leonid/src/macron-1/config/environments/test.rb": [
        null,
        null,
        1,
        null,
        null,
        null,
        null,
        null,
        null,
        1,
        null,
        null,
        null,
        null,
        1,
        null,
        null,
        1,
        1,
        null,
        null,
        null,
        null,
        1,
        null,
        null,
        1,
        1,
        null,
        null,
        1,
        null,
        null,
        1,
        null,
        null,
        1,
        null,
        1,
        null,
        null,
        1,
        null,
        null,
        1,
        null,
        null,
        null,
        null,
        null,
        null,
        1,
        1,
        null,
        null,
        1,
        null,
        null,
        null,
        null,
        null,
        1,
        null
      ],
      "/Users/leonid/src/macron-1/config/initializers/00_config.rb": [
        null,
        null,
        null,
        null,
        1,
        null,
        1,
        null,
        null,
        null,
        null,
        null,
        null,
        null,
        null,
        null,
        null,
        null,
        null,
        null,
        null,
        null,
        null,
        null,
        null,
        null,
        null,
        null,
        null,
        null,
        null,
        null,
        null,
        null,
        null,
        null,
        null,
        null,
        null,
        null
      ],
      "/Users/leonid/src/macron-1/config/initializers/01_config_bootloader.rb": [
        null,
        null,
        null,
        1,
        1,
        null,
        null,
        92,
        null,
        null,
        83,
        null,
        1,
        null,
        null,
        1
      ],
      "/Users/leonid/src/macron-1/config/initializers/acts_as_votable.rb": [
        1,
        1,
        null,
        1,
        1,
        null,
        null
      ],
      "/Users/leonid/src/macron-1/config/initializers/ahoy.rb": [
        null,
        null,
        null,
        1,
        null,
        null,
        null,
        1,
        1,
        1,
        null
      ],
      "/Users/leonid/src/macron-1/config/initializers/application_controller_renderer.rb": [
        null,
        null,
        null,
        null,
        null,
        null,
        null,
        null,
        null,
        null
      ],
      "/Users/leonid/src/macron-1/config/initializers/assets.rb": [
        null,
        null,
        null,
        null,
        null,
        1,
        null,
        null,
        null,
        null,
        1,
        null,
        null,
        null,
        null,
        1
      ],
      "/Users/leonid/src/macron-1/config/initializers/backtrace_silencers.rb": [
        null,
        null,
        null,
        null,
        null,
        null,
        null,
        null,
        null
      ],
      "/Users/leonid/src/macron-1/config/initializers/content_security_policy.rb": [
        null,
        null,
        null,
        null,
        null,
        null,
        null,
        null,
        1,
        null,
        null,
        null,
        null,
        null,
        null,
        null,
        null,
        null,
        null,
        1,
        null,
        1,
        0,
        null,
        1,
        1,
        null,
        null,
        null,
        null,
        null,
        null,
        null,
        null,
        null,
        null
      ],
      "/Users/leonid/src/macron-1/config/initializers/cookies_serializer.rb": [
        null,
        null,
        null,
        null,
        null,
        null,
        1
      ],
      "/Users/leonid/src/macron-1/config/initializers/devise.rb": [
        null,
        null,
        1,
        null,
        null,
        null,
        null,
        1,
        null,
        null,
        1,
        null,
        null,
        null,
        null,
        null,
        null,
        null,
        null,
        null,
        null,
        null,
        1,
        null,
        null,
        null,
        null,
        null,
        null,
        null,
        null,
        null,
        null,
        null,
        null,
        null,
        null,
        null,
        null,
        null,
        null,
        null,
        null,
        null,
        1,
        null,
        null,
        null,
        null,
        1,
        null,
        null,
        null,
        null,
        null,
        null,
        null,
        null,
        null,
        null,
        null,
        null,
        null,
        null,
        null,
        null,
        null,
        null,
        null,
        null,
        null,
        null,
        null,
        null,
        null,
        null,
        null,
        null,
        null,
        null,
        1,
        null,
        null,
        null,
        null,
        null,
        null,
        null,
        null,
        null,
        null,
        null,
        null,
        null,
        null,
        null,
        null,
        null,
        null,
        null,
        null,
        null,
        null,
        1,
        null,
        null,
        null,
        null,
        null,
        null,
        null,
        null,
        null,
        null,
        null,
        null,
        null,
        null,
        null,
        null,
        null,
        null,
        null,
        null,
        null,
        null,
        null,
        null,
        1,
        null,
        null,
        null,
        null,
        null,
        null,
        null,
        null,
        null,
        1,
        null,
        null,
        null,
        null,
        null,
        null,
        null,
        null,
        null,
        null,
        1,
        null,
        null,
        null,
        null,
        1,
        null,
        1,
        null,
        null,
        null,
        null,
        null,
        null,
        null,
        null,
        null,
        null,
        null,
        null,
        null,
        null,
        null,
        null,
        null,
        null,
        null,
        null,
        null,
        null,
        null,
        null,
        null,
        null,
        null,
        null,
        null,
        null,
        null,
        null,
        null,
        null,
        null,
        null,
        null,
        null,
        null,
        null,
        1,
        null,
        null,
        null,
        null,
        null,
        null,
        null,
        null,
        null,
        null,
        null,
        null,
        null,
        null,
        null,
        null,
        null,
        null,
        null,
        null,
        null,
        null,
        null,
        null,
        null,
        null,
        null,
        null,
        null,
        null,
        null,
        null,
        null,
        null,
        null,
        null,
        null,
        null,
        null,
        null,
        null,
        1,
        null,
        null,
        null,
        null,
        null,
        null,
        null,
        null,
        null,
        null,
        null,
        null,
        null,
        null,
        null,
        null,
        null,
        null,
        null,
        null,
        null,
        null,
        null,
        null,
        null,
        null,
        null,
        null
      ],
      "/Users/leonid/src/macron-1/config/initializers/devise_async.rb": [
        null,
        null,
        1,
        1,
        1,
        1,
        null,
        0,
        null,
        null
      ],
      "/Users/leonid/src/macron-1/config/initializers/filter_parameter_logging.rb": [
        null,
        null,
        null,
        null,
        null,
        1,
        1,
        1
      ],
      "/Users/leonid/src/macron-1/config/initializers/good_ui.rb": [
        null,
        null,
        1,
        1,
        null,
        null,
        1
      ],
      "/Users/leonid/src/macron-1/config/initializers/inflections.rb": [
        null,
        null,
        null,
        null,
        null,
        null,
        null,
        null,
        null,
        null,
        null,
        null,
        null,
        null,
        null,
        null,
        null,
        null,
        null,
        null,
        1,
        1,
        null
      ],
      "/Users/leonid/src/macron-1/config/initializers/kaminari_config.rb": [
        null,
        null,
        1,
        1,
        null,
        1,
        null,
        null,
        null,
        null,
        null,
        null,
        null,
        null,
        null,
        null,
        null,
        null,
        null,
        null,
        null,
        null,
        null,
        null
      ],
      "/Users/leonid/src/macron-1/config/initializers/logstop.rb": [
        1
      ],
      "/Users/leonid/src/macron-1/config/initializers/merit.rb": [
        null,
        1,
        null,
        null,
        null,
        null,
        null,
        null,
        null,
        null,
        null,
        null,
        null,
        null,
        null,
        null,
        null,
        null,
        null,
        null,
        null,
        null,
        null,
        null,
        null,
        null,
        null,
        null,
        null,
        null,
        null,
        null,
        null
      ],
      "/Users/leonid/src/macron-1/config/initializers/meta_tags.rb": [
        null,
        null,
        1,
        1,
        null,
        1,
        null,
        null
      ],
      "/Users/leonid/src/macron-1/config/initializers/mime_types.rb": [
        null,
        null,
        null,
        null,
        null,
        null,
        null,
        null,
        1
      ],
      "/Users/leonid/src/macron-1/config/initializers/pack_tags.rb": [
        null,
        null,
        1,
        1,
        1,
        0,
        null,
        null,
        1,
        0,
        null,
        null,
        1,
        null,
        1,
        0,
        0,
        null,
        null,
        null
      ],
      "/Users/leonid/src/macron-1/config/initializers/redis.rb": [
        null,
        1,
        1,
        null,
        1
      ],
      "/Users/leonid/src/macron-1/config/initializers/rollbar.rb": [
        null,
        null,
        1,
        null,
        null,
        null,
        1,
        null,
        null,
        1,
        null,
        null,
        null,
        null,
        null,
        null,
        null,
        null,
        null,
        null,
        null,
        null,
        null,
        null,
        null,
        null,
        null,
        null,
        null,
        null,
        null,
        null,
        null,
        null,
        null,
        null,
        null,
        null,
        null,
        null,
        null,
        null,
        null,
        null,
        null,
        null,
        null,
        null,
        null,
        null,
        null,
        null,
        null,
        null,
        null,
        1,
        null
      ],
      "/Users/leonid/src/macron-1/config/initializers/sidekiq.rb": [
        null,
        null,
        1,
        0,
        0,
        null,
        null,
        0,
        0,
        null,
        null,
        null,
        1,
        0,
        0,
        null,
        null,
        0,
        0,
        null,
        null
      ],
      "/Users/leonid/src/macron-1/config/initializers/simple_form.rb": [
        null,
        null,
        null,
        1,
        null,
        null,
        null,
        null,
        null,
        null,
        1,
        null,
        null,
        null,
        null,
        null,
        null,
        null,
        null,
        1,
        null,
        null,
        null,
        1,
        null,
        null,
        null,
        null,
        null,
        null,
        null,
        null,
        1,
        null,
        null,
        1,
        null,
        null,
        1,
        null,
        null,
        1,
        null,
        null,
        1,
        1,
        1,
        null,
        null,
        null,
        null,
        1,
        1,
        1,
        1,
        1,
        1,
        1,
        1,
        1,
        null,
        null,
        1,
        1,
        1,
        1,
        1,
        null,
        null,
        null,
        1,
        1,
        1,
        1,
        1,
        null,
        null,
        null,
        1,
        1,
        1,
        1,
        1,
        null,
        null,
        null,
        null,
        null,
        1,
        null,
        null,
        null,
        null,
        null,
        1,
        null,
        null,
        1,
        null,
        null,
        null,
        null,
        1,
        null,
        null,
        1,
        null,
        null,
        1,
        null,
        null,
        null,
        null,
        null,
        null,
        null,
        null,
        null,
        null,
        null,
        null,
        null,
        null,
        null,
        null,
        null,
        null,
        null,
        1,
        null,
        null,
        1,
        null,
        null,
        null,
        null,
        5,
        null,
        null,
        null,
        null,
        null,
        1,
        null,
        null,
        null,
        null,
        null,
        null,
        null,
        null,
        null,
        null,
        null,
        null,
        1,
        null,
        null
      ],
      "/Users/leonid/src/macron-1/config/initializers/sti_base_class.rb": [
        null,
        null,
        null,
        1
      ],
      "/Users/leonid/src/macron-1/config/initializers/twilio.rb": [
        1,
        1,
        1,
        null
      ],
      "/Users/leonid/src/macron-1/config/initializers/wrap_parameters.rb": [
        null,
        null,
        null,
        null,
        null,
        null,
        null,
        null,
        1,
        2,
        null,
        null,
        null,
        null,
        null,
        null
      ],
      "/Users/leonid/src/macron-1/lib/merit/models/active_record/merit/score.rb": [
        null,
        null,
        null,
        1,
        1,
        1,
        1,
        1,
        null,
        null,
        null,
        1,
        0,
        null,
        null,
        1,
        1,
        1,
        1,
        null,
        null,
        1,
        1,
        null,
        1,
        5,
        5,
        null,
        null,
        null,
        null
      ],
      "/Users/leonid/src/macron-1/app/models/merit/badge_rules.rb": [
        null,
        null,
        null,
        null,
        null,
        null,
        null,
        null,
        null,
        null,
        null,
        null,
        null,
        null,
        null,
        null,
        null,
        null,
        null,
        null,
        1,
        1,
        1,
        null,
        1,
        null,
        null,
        null,
        null,
        null,
        null,
        null,
        null,
        null,
        null,
        null,
        null,
        null,
        null,
        null,
        null,
        null,
        null,
        null,
        null,
        null,
        null,
        null,
        null,
        null,
        null,
        null
      ],
      "/Users/leonid/src/macron-1/app/models/merit/point_rules.rb": [
        null,
        null,
        null,
        null,
        null,
        null,
        null,
        null,
        null,
        null,
        null,
        null,
        1,
        1,
        1,
        null,
        1,
        null,
        null,
        null,
        null,
        null,
        null,
        null,
        null,
        null,
        null,
        null,
        null,
        null,
        null,
        null
      ],
      "/Users/leonid/src/macron-1/spec/factories/articles.rb": [
        null,
        null,
        1,
        1,
        146,
        146,
        146,
        146,
        146,
        146,
        146,
        146,
        1,
        1,
        1,
        139,
        null,
        null,
        null
      ],
      "/Users/leonid/src/macron-1/spec/factories/categories.rb": [
        null,
        null,
        1,
        1,
        1040,
        1040,
        1,
        null,
        null
      ],
      "/Users/leonid/src/macron-1/spec/factories/colors.rb": [
        null,
        null,
        1,
        1,
        1040,
        null,
        null
      ],
      "/Users/leonid/src/macron-1/spec/factories/comments.rb": [
        null,
        null,
        1,
        1,
        629,
        1,
        1,
        null,
        null
      ],
      "/Users/leonid/src/macron-1/spec/factories/discussions.rb": [
        null,
        null,
        1,
        1,
        129,
        129,
        129,
        129,
        129,
        1,
        1,
        null,
        null
      ],
      "/Users/leonid/src/macron-1/spec/factories/entries.rb": [
        null,
        null,
        1,
        1,
        1,
        1,
        null,
        null
      ],
      "/Users/leonid/src/macron-1/spec/factories/events.rb": [
        null,
        null,
        1,
        1,
        129,
        129,
        129,
        129,
        129,
        129,
        129,
        129,
        129,
        129,
        129,
        129,
        129,
        129,
        129,
        129,
        1,
        1,
        1,
        122,
        null,
        null,
        null
      ],
      "/Users/leonid/src/macron-1/spec/factories/pages.rb": [
        null,
        null,
        1,
        1,
        2,
        2,
        1,
        1,
        null,
        null,
        null
      ],
      "/Users/leonid/src/macron-1/spec/factories/podcasts.rb": [
        null,
        null,
        1,
        1,
        129,
        129,
        129,
        129,
        129,
        129,
        129,
        129,
        129,
        1,
        1,
        1,
        122,
        null,
        null,
        null
      ],
      "/Users/leonid/src/macron-1/spec/factories/products.rb": [
        null,
        null,
        1,
        1,
        129,
        129,
        129,
        129,
        129,
        129,
        129,
        129,
        129,
        129,
        129,
        129,
        1,
        1,
        1,
        122,
        null,
        null,
        null
      ],
      "/Users/leonid/src/macron-1/spec/factories/profiles.rb": [
        null,
        null,
        1,
        1,
        1,
        1,
        1,
        1,
        1,
        1,
        1,
        null,
        null
      ],
      "/Users/leonid/src/macron-1/spec/factories/promotions.rb": [
        null,
        null,
        1,
        1,
        128,
        128,
        128,
        128,
        128,
        1,
        128,
        null,
        null
      ],
      "/Users/leonid/src/macron-1/spec/factories/tags.rb": [
        null,
        null,
        1,
        1,
        128,
        null,
        null
      ],
      "/Users/leonid/src/macron-1/spec/factories/users.rb": [
        null,
        null,
        1,
        1,
        1575,
        1575,
        1575,
        null,
        1,
        1574,
        1574,
        1574,
        null,
        null,
        null,
        1574,
        1574,
        null,
        null,
        1,
        1,
        138,
        null,
        null,
        null,
        1,
        1,
        0,
        null,
        null,
        null,
        null
      ],
      "/Users/leonid/src/macron-1/spec/factories/videos.rb": [
        null,
        null,
        1,
        1,
        129,
        129,
        129,
        129,
        129,
        129,
        1,
        1,
        1,
        122,
        null,
        null,
        null
      ],
      "/Users/leonid/src/macron-1/config/routes.rb": [
        null,
        null,
        1,
        null,
        1,
        null,
        null,
        1,
        1,
        1,
        1,
        null,
        1,
        null,
        null,
        null,
        null,
        null,
        null,
        null,
        null,
        1,
        null,
        1,
        1,
        1,
        null,
        null,
        null,
        1,
        1,
        1,
        1,
        null,
        null,
        1,
        2,
        null,
        null,
        null,
        1,
        null,
        null,
        1,
        null,
        null,
        1,
        1,
        null,
        1,
        1,
        null,
        1,
        null,
        1,
        1,
        1,
        null,
        1,
        1,
        1,
        null,
        1,
        1,
        1,
        null,
        1,
        1,
        1,
        null,
        1,
        1,
        1,
        null,
        1,
        1,
        1,
        null,
        1,
        null,
        null,
        1,
        null,
        1,
        1,
        1,
        null,
        1,
        1,
        1,
        1,
        1,
        null,
        null,
        1,
        1,
        1,
        1,
        1,
        1,
        1,
        1,
        1,
        null,
        null,
        1,
        1,
        1,
        1,
        1,
        1,
        1,
        null,
        1,
        1,
        1,
        1,
        null,
        1,
        1,
        1,
        1,
        1,
        null,
        1,
        1,
        1,
        null,
        1,
        1,
        1,
        1,
        1,
        1,
        1,
        1,
        1,
        1,
        1,
        1,
        null,
        null,
        null,
        null,
        null,
        1,
        1,
        null,
        null,
        null,
        1,
        1,
        1,
        1,
        1,
        1,
        1,
        null,
        1,
        null,
        null,
        null,
        null,
        1,
        null,
        null,
        0,
        0,
        null,
        0,
        0,
        null,
        0,
        null,
        1,
        null,
        1,
        null,
        null,
        1,
        null
      ],
      "/Users/leonid/src/macron-1/app/models/user.rb": [
        null,
        null,
        null,
        null,
        1,
        null,
        1,
        null,
        1,
        1,
        null,
        1,
        1,
        null,
        1,
        null,
        1,
        1,
        null,
        null,
        1,
        1,
        null,
        null,
        1,
        null,
        null,
        1,
        1,
        null,
        null,
        1,
        1,
        1,
        1,
        1,
        1,
        1,
        1,
        1,
        1,
        null,
        null,
        2009,
        null,
        null,
        1,
        1,
        1,
        null,
        null,
        1,
        1,
        1,
        1,
        null,
        null,
        null,
        1,
        1,
        null,
        1,
        null,
        null,
        1,
        null,
        1,
        1,
        null,
        null,
        1,
        null,
        null,
        1,
        1,
        null,
        null,
        null,
        null,
        3162,
        null,
        null,
        null,
        null,
        null,
        1,
        null,
        null,
        null,
        1,
        null,
        3161,
        null,
        null,
        1,
        null,
        1,
        null,
        1,
        null,
        4735,
        null,
        null,
        3161,
        null,
        null,
        3161,
        null,
        null,
        1,
        1574,
        0,
        null,
        null,
        1,
        4730,
        null,
        null,
        1,
        0,
        0,
        0,
        0,
        0,
        null,
        0,
        null,
        null,
        null,
        1,
        1574,
        1574,
        null,
        null,
        null,
        1,
        1713,
        null,
        null,
        null,
        1,
        0,
        0,
        null,
        null,
        1,
        null,
        null,
        0,
        0,
        0,
        null,
        null,
        1,
        null,
        null,
        0,
        0,
        null,
        null,
        1,
        0,
        null,
        null,
        1,
        0,
        null,
        null,
        1,
        0,
        0,
        null,
        null,
        1,
        0,
        0,
        null,
        null,
        1,
        0,
        0,
        null,
        null,
        1,
        0,
        0,
        null,
        null,
        1,
        0,
        0,
        null,
        0,
        null,
        null,
        1,
        80,
        null,
        null,
        1,
        3156,
        null,
        null,
        null
      ],
      "/Users/leonid/src/macron-1/app/models/application_record.rb": [
        null,
        null,
        1,
        1,
        null
      ],
      "/Users/leonid/src/macron-1/app/helpers/settings_helper.rb": [
        null,
        null,
        1,
        null,
        null,
        null,
        null,
        1,
        8279,
        8279,
        null,
        8279,
        null,
        null,
        null,
        null,
        1,
        678,
        null,
        null,
        null,
        null,
        1,
        1295,
        null,
        null,
        null,
        null,
        null,
        1,
        1573,
        null,
        null,
        null,
        1,
        53,
        null,
        null
      ],
      "/Users/leonid/src/macron-1/app/models/concerns/user/supporters.rb": [
        null,
        null,
        1,
        1,
        null,
        1,
        1,
        1,
        null,
        null,
        1,
        2,
        null,
        null,
        1,
        0,
        0,
        null,
        null,
        null,
        1,
        1,
        null,
        null,
        null,
        1,
        0,
        null,
        null,
        null
      ],
      "/Users/leonid/src/macron-1/app/models/concerns/user/state.rb": [
        null,
        null,
        1,
        1,
        null,
        null,
        1,
        null,
        null,
        1,
        27,
        8,
        8,
        8,
        8,
        8,
        8,
        null,
        27,
        null,
        null,
        null,
        1,
        5,
        null,
        null,
        null,
        null,
        null,
        null,
        1,
        1,
        null,
        1,
        null,
        null,
        1,
        null,
        null,
        1,
        null,
        null,
        1,
        1,
        null,
        0,
        null,
        null,
        null,
        1,
        1,
        null,
        0,
        null,
        null,
        null,
        1,
        1,
        null,
        1,
        null,
        null,
        null,
        null,
        1,
        84,
        null,
        84,
        8,
        null,
        null,
        null,
        null,
        null,
        null,
        1,
        2,
        null,
        1,
        null,
        1,
        null,
        null,
        null,
        null,
        null,
        1,
        1,
        1,
        1,
        null,
        null,
        null,
        null,
        1,
        3,
        3,
        3,
        3,
        null,
        null,
        null,
        null,
        1,
        2,
        2,
        2,
        2,
        null,
        null,
        null,
        1,
        1,
        1,
        null,
        null,
        1,
        null,
        null,
        null,
        1,
        80,
        null,
        80,
        880,
        null,
        null,
        80,
        null,
        null,
        null,
        1,
        9,
        null,
        null,
        null,
        null,
        1,
        89,
        89,
        null,
        null,
        null,
        null,
        1,
        8,
        8,
        null,
        8,
        null,
        8,
        32,
        32,
        null,
        null,
        32,
        null,
        null,
        32,
        null,
        32,
        32,
        null,
        32,
        null,
        null,
        null,
        34,
        null,
        null,
        null,
        null,
        null,
        1,
        10,
        null,
        10,
        40,
        40,
        40,
        40,
        40,
        null,
        null,
        10,
        null,
        null,
        null,
        null,
        null,
        1,
        1,
        3,
        null,
        0,
        null,
        null,
        null,
        1,
        4,
        null,
        null,
        null
      ],
      "/Users/leonid/src/macron-1/app/helpers/activity_helper.rb": [
        null,
        null,
        1,
        null,
        1,
        0,
        null,
        null
      ],
      "/Users/leonid/src/macron-1/app/helpers/application_helper.rb": [
        null,
        null,
        null,
        1,
        1,
        1,
        1,
        1,
        1,
        1,
        1,
        1,
        1,
        1,
        1,
        null
      ],
      "/Users/leonid/src/macron-1/app/helpers/vue_helper.rb": [
        null,
        null,
        1,
        null,
        null,
        1,
        45,
        45,
        null,
        null
      ],
      "/Users/leonid/src/macron-1/app/helpers/component_helper.rb": [
        null,
        null,
        1,
        null,
        null,
        null,
        null,
        1,
        null,
        0,
        0,
        0,
        null,
        null,
        0,
        null,
        null
      ],
      "/Users/leonid/src/macron-1/app/helpers/path_helper.rb": [
        null,
        null,
        null,
        1,
        1,
        null,
        null,
        1,
        50,
        null,
        null,
        1,
        1,
        null,
        null,
        1,
        37,
        null,
        null,
        1,
        1,
        null,
        null,
        1,
        1,
        null,
        null,
        null,
        1,
        353,
        353,
        353,
        null,
        0,
        null,
        null,
        null,
        1,
        40,
        null,
        null,
        1,
        39,
        null,
        null,
        1,
        41,
        null,
        null,
        1,
        41,
        null,
        null,
        null,
        1,
        61,
        null,
        null,
        null,
        1,
        null,
        null,
        1,
        8,
        null,
        null,
        1,
        1,
        583,
        null,
        null,
        1,
        514,
        10,
        null,
        null
      ],
      "/Users/leonid/src/macron-1/app/helpers/user_helper.rb": [
        null,
        null,
        1,
        null,
        null,
        1,
        4,
        0,
        0,
        null,
        0,
        null,
        null,
        4,
        null,
        null,
        null
      ],
      "/Users/leonid/src/macron-1/app/helpers/crud_helper.rb": [
        null,
        null,
        1,
        1,
        0,
        null,
        null,
        1,
        0,
        null,
        null,
        1,
        11,
        11,
        11,
        null,
        null,
        1,
        0,
        0,
        0,
        null,
        null,
        1,
        31,
        31,
        31,
        null,
        null,
        1,
        0,
        null,
        null,
        null,
        1,
        0,
        0,
        0,
        null,
        null,
        null,
        null,
        null,
        1,
        124,
        null,
        null,
        1,
        0,
        null,
        null,
        1,
        0,
        null,
        null,
        1,
        93645,
        null,
        null,
        1,
        93868,
        null,
        null,
        1,
        590,
        null,
        null,
        1,
        0,
        null,
        null,
        1,
        60752,
        30,
        null,
        60722,
        null,
        null,
        null,
        1,
        0,
        null,
        null,
        1,
        41,
        null,
        null,
        1,
        0,
        null,
        null
      ],
      "/Users/leonid/src/macron-1/app/helpers/image_helper.rb": [
        null,
        null,
        1,
        null,
        1,
        66,
        66,
        66,
        null,
        null,
        null,
        66,
        66,
        null,
        null,
        null
      ],
      "/Users/leonid/src/macron-1/app/helpers/nav_helper.rb": [
        null,
        null,
        null,
        null,
        1,
        1,
        29,
        29,
        null,
        null,
        29,
        7,
        null,
        7,
        null,
        null,
        22,
        4,
        0,
        null,
        4,
        null,
        null,
        18,
        1,
        1,
        null,
        null,
        null,
        1,
        0,
        0,
        null,
        0,
        null,
        1,
        0,
        0,
        null,
        0,
        null,
        null,
        1,
        1,
        0,
        null,
        1,
        null,
        0,
        0,
        0,
        null,
        0,
        null,
        null,
        17,
        null,
        null,
        5,
        12,
        null,
        null,
        4,
        null,
        null,
        8,
        null,
        null,
        null,
        1,
        1,
        29,
        29,
        null,
        29,
        null,
        29,
        null,
        null,
        null,
        null,
        29,
        null,
        29,
        29,
        29,
        29,
        29,
        null,
        null,
        null,
        1,
        58,
        null,
        null,
        58,
        null,
        null,
        null,
        null,
        58,
        null,
        58,
        null,
        null,
        null,
        58,
        58,
        58,
        58,
        null,
        null,
        null
      ],
      "/Users/leonid/src/macron-1/app/helpers/footer_helper.rb": [
        null,
        null,
        1,
        1,
        23,
        null,
        null,
        1,
        23,
        null,
        null,
        1,
        23,
        null,
        null,
        null,
        1,
        0,
        null,
        null,
        1,
        1,
        23,
        null,
        23,
        23,
        23,
        23,
        null,
        null,
        1,
        23,
        null,
        23,
        23,
        23,
        null,
        null
      ],
      "/Users/leonid/src/macron-1/app/helpers/entry_helper.rb": [
        null,
        null,
        1,
        null,
        1,
        0,
        0,
        0,
        0,
        0,
        0,
        0,
        0,
        0,
        0,
        null,
        null,
        null,
        null,
        1,
        0,
        null,
        null
      ],
      "/Users/leonid/src/macron-1/app/helpers/dashboard_helper.rb": [
        null,
        null,
        1,
        1,
        0,
        0,
        null,
        0,
        null,
        null,
        null,
        1,
        16,
        8,
        null,
        8,
        null,
        null,
        null,
        1,
        8,
        4,
        null,
        4,
        null,
        null,
        null,
        1,
        8,
        8,
        8,
        2,
        6,
        2,
        4,
        0,
        null,
        null,
        null
      ],
      "/Users/leonid/src/macron-1/app/helpers/event_helper.rb": [
        null,
        null,
        1,
        1,
        1,
        0,
        null,
        1,
        null,
        null,
        null
      ],
      "/Users/leonid/src/macron-1/app/helpers/member_helper.rb": [
        null,
        null,
        1,
        1,
        0,
        0,
        0,
        0,
        0,
        0,
        null,
        null,
        null,
        1,
        0,
        0,
        0,
        0,
        0,
        null,
        null,
        0,
        0,
        0,
        0,
        0,
        null,
        null,
        null,
        null,
        null
      ],
      "/Users/leonid/src/macron-1/app/cells/admin/actions_cell.rb": [
        1,
        1,
        1,
        1,
        null,
        null,
        null,
        null,
        null,
        null,
        null,
        1,
        49,
        47,
        2,
        null,
        null,
        null,
        1,
        49,
        null,
        null,
        null,
        1,
        219,
        null,
        null,
        null,
        1,
        109,
        null,
        null,
        1,
        109,
        5,
        null,
        null,
        null,
        1,
        109,
        5,
        null,
        null,
        null,
        null,
        1,
        null,
        8,
        3,
        null,
        null,
        1,
        1,
        109,
        109,
        109,
        null,
        null,
        null
      ],
      "/Users/leonid/src/macron-1/spec/cells/admin_base_cell_spec.rb": [
        null,
        null,
        null,
        null,
        null,
        1,
        1,
        1,
        null,
        1,
        1,
        12,
        null,
        null,
        1,
        12,
        null,
        null,
        1,
        1,
        20,
        1,
        null,
        null,
        1,
        20,
        1,
        null,
        null,
        1,
        5,
        1,
        null,
        null,
        1,
        4,
        1,
        null,
        null,
        1,
        1,
        1,
        null,
        null,
        null,
        1,
        1,
        7,
        7,
        null,
        null,
        1,
        15,
        1,
        1,
        null,
        null,
        1,
        15,
        1,
        1,
        null,
        null,
        1,
        15,
        1,
        1,
        null,
        null,
        1,
        15,
        1,
        1,
        null,
        null,
        1,
        15,
        1,
        1,
        null,
        null,
        1,
        5,
        1,
        1,
        null,
        null,
        1,
        5,
        1,
        1,
        1,
        null,
        null,
        null,
        null,
        null,
        null
      ],
      "/Users/leonid/src/macron-1/app/cells/admin/admin_base_cell.rb": [
        null,
        null,
        1,
        1,
        1,
        1,
        1,
        1,
        null,
        null,
        null,
        null,
        null,
        null,
        1,
        93645,
        null,
        null,
        93645,
        null,
        null,
        93645,
        null,
        null,
        93645,
        null,
        93625,
        null,
        46434,
        null,
        14200,
        null,
        1220,
        null,
        0,
        null,
        11,
        null,
        8,
        null,
        0,
        null,
        22116,
        null,
        9634,
        9626,
        null,
        8,
        null,
        null,
        null,
        null,
        null,
        null,
        null,
        null,
        1,
        22124,
        22124,
        null,
        22124,
        null,
        22124,
        14190,
        0,
        null,
        14190,
        null,
        null,
        null,
        22124,
        null,
        null,
        null,
        1,
        11,
        null,
        11,
        11,
        11,
        null,
        null,
        11,
        null,
        null,
        null,
        1,
        1220,
        null,
        0,
        null,
        1220,
        null,
        0,
        null,
        0,
        null,
        null,
        null,
        null,
        1,
        0,
        null,
        null,
        null,
        1,
        9634,
        null,
        null,
        null,
        null,
        null,
        null,
        1,
        null,
        93644,
        128,
        null,
        93516,
        null,
        null,
        null,
        93644,
        11,
        null,
        93633,
        null,
        null,
        null,
        93644,
        93644,
        null,
        null,
        null,
        null,
        null,
        null,
        null,
        1,
        93657,
        null,
        null,
        null,
        1,
        100355,
        null,
        null,
        null,
        1,
        93645,
        null,
        null,
        null
      ],
      "/Users/leonid/src/macron-1/spec/cells/menu_cell_spec.rb": [
        null,
        null,
        1,
        1,
        null,
        1,
        1,
        null,
        null,
        1,
        4,
        4,
        4,
        4,
        4,
        null,
        4,
        4,
        4,
        null,
        null,
        1,
        4,
        4,
        4,
        null,
        null,
        1,
        1,
        null,
        null,
        null,
        1,
        null,
        null,
        1,
        1,
        null,
        null,
        null,
        null,
        1,
        null,
        null,
        1,
        1,
        null,
        null,
        null,
        null,
        1,
        null,
        null,
        1,
        1,
        null,
        null,
        null,
        null,
        1,
        null,
        null,
        null,
        null
      ],
      "/Users/leonid/src/macron-1/app/cells/menu_cell.rb": [
        null,
        null,
        1,
        1,
        4,
        null,
        null,
        1,
        null,
        1,
        null,
        273,
        null,
        273,
        null,
        null,
        null,
        1,
        null,
        null,
        null,
        12,
        null,
        null,
        12,
        null,
        null,
        12,
        null,
        12,
        null,
        0,
        null,
        null,
        0,
        null,
        null,
        12,
        12,
        0,
        null,
        12,
        null,
        null,
        null,
        null,
        1,
        12,
        null,
        null,
        null,
        1,
        273,
        null,
        null,
        null,
        1,
        null,
        273,
        244,
        16,
        null,
        null,
        null,
        1,
        12,
        null,
        null,
        null,
        null,
        null,
        null,
        null,
        1,
        99,
        null,
        null,
        null,
        1,
        244,
        null,
        null,
        null,
        1,
        16,
        null,
        null,
        null,
        1,
        0,
        null,
        null,
        null,
        1,
        273,
        null,
        null,
        null,
        1,
        273,
        4,
        null,
        null,
        null,
        1,
        31,
        25,
        null,
        null
      ],
      "/Users/leonid/src/macron-1/app/cells/base_cell.rb": [
        null,
        null,
        1,
        1,
        1,
        null,
        1,
        null,
        1,
        30,
        null,
        null,
        1,
        6,
        null,
        null,
        1,
        6,
        null,
        null,
        1,
        6,
        null,
        null,
        null,
        1,
        169,
        169,
        null,
        null
      ],
      "/Users/leonid/src/macron-1/spec/controllers/activities_controller_spec.rb": [
        null,
        null,
        1,
        1,
        null,
        1,
        1,
        1,
        1,
        1,
        1,
        1,
        null,
        null,
        1,
        1,
        1,
        1,
        1,
        null,
        null,
        null
      ],
      "/Users/leonid/src/macron-1/app/controllers/api/v1/activities_controller.rb": [
        null,
        null,
        1,
        null,
        1,
        1,
        1,
        1,
        null,
        null,
        null,
        null,
        null,
        null,
        1,
        1,
        1,
        1,
        null,
        1,
        null,
        null,
        null,
        null,
        null
      ],
      "/Users/leonid/src/macron-1/app/controllers/application_controller.rb": [
        null,
        null,
        1,
        1,
        null,
        1,
        1,
        1,
        null,
        1,
        null,
        null,
        1,
        null,
        1,
        null,
        1,
        null,
        null,
        1,
        null,
        1,
        362,
        null,
        null,
        1,
        0,
        null,
        null,
        1,
        1,
        5,
        0,
        null,
        5,
        null,
        null,
        null,
        null,
        1,
        null,
        356,
        null,
        null,
        331,
        null,
        null,
        331,
        null,
        null
      ],
      "/Users/leonid/src/macron-1/app/controllers/concerns/site_settings.rb": [
        null,
        null,
        null,
        null,
        1,
        1,
        null,
        1,
        1,
        null,
        null,
        1,
        1,
        366,
        null,
        null,
        null,
        null
      ],
      "/Users/leonid/src/macron-1/app/controllers/concerns/trackable.rb": [
        null,
        null,
        null,
        1,
        1,
        null,
        null,
        null,
        null,
        1,
        null,
        3,
        null,
        null
      ],
      "/Users/leonid/src/macron-1/spec/controllers/comments_controller_spec.rb": [
        null,
        null,
        1,
        1,
        null,
        1,
        1,
        1,
        1,
        null,
        null,
        1,
        1,
        1,
        1,
        null,
        null,
        null,
        1,
        1,
        1,
        null,
        1,
        3,
        3,
        null,
        null,
        1,
        1,
        null,
        null,
        null,
        null,
        null,
        1,
        null,
        null,
        1,
        1,
        null,
        null,
        null,
        null,
        null,
        1,
        null,
        null,
        1,
        1,
        null,
        null,
        null,
        null,
        null,
        null,
        1,
        1,
        null,
        1,
        null,
        null,
        null
      ],
      "/Users/leonid/src/macron-1/app/controllers/comments_controller.rb": [
        null,
        null,
        1,
        1,
        1,
        null,
        1,
        null,
        1,
        1,
        null,
        null,
        1,
        3,
        3,
        3,
        null,
        3,
        null,
        3,
        null,
        null,
        null,
        null,
        null,
        null,
        null,
        null,
        null,
        1,
        1,
        1,
        1,
        null,
        null,
        1,
        1,
        3,
        null,
        null,
        1,
        5,
        5,
        null,
        0,
        null,
        null,
        null,
        null,
        1,
        10,
        null,
        null,
        null,
        1,
        5,
        null,
        null
      ],
      "/Users/leonid/src/macron-1/spec/controllers/crud_controller_spec.rb": [
        null,
        null,
        null,
        null,
        1,
        1,
        null,
        null,
        1,
        1,
        30,
        null,
        1,
        162,
        null,
        null,
        1,
        189,
        null,
        null,
        1,
        72,
        null,
        null,
        1,
        63,
        null,
        null,
        1,
        null,
        null,
        9,
        9,
        9,
        9,
        null,
        null,
        9,
        27,
        27,
        null,
        null,
        9,
        27,
        null,
        null,
        9,
        9,
        null,
        null,
        9,
        9,
        9,
        9,
        null,
        null,
        9,
        9,
        null,
        null,
        null,
        null,
        null,
        null,
        9,
        9,
        9,
        9,
        9,
        null,
        null,
        9,
        27,
        27,
        null,
        null,
        9,
        27,
        null,
        null,
        9,
        9,
        null,
        null,
        9,
        9,
        null,
        null,
        9,
        9,
        null,
        null,
        null,
        null,
        null,
        null,
        null,
        9,
        9,
        9,
        9,
        null,
        null,
        9,
        27,
        27,
        null,
        null,
        9,
        27,
        null,
        null,
        9,
        9,
        null,
        null,
        9,
        9,
        null,
        null,
        9,
        9,
        null,
        null,
        null,
        null,
        null,
        null,
        9,
        9,
        9,
        9,
        9,
        null,
        null,
        9,
        27,
        27,
        null,
        null,
        9,
        27,
        null,
        null,
        9,
        9,
        null,
        null,
        9,
        9,
        null,
        null,
        9,
        9,
        null,
        null,
        null,
        null,
        null,
        null,
        9,
        9,
        9,
        9,
        9,
        null,
        null,
        9,
        36,
        null,
        36,
        null,
        null,
        null,
        null,
        36,
        null,
        null,
        9,
        36,
        null,
        null,
        9,
        9,
        null,
        null,
        9,
        9,
        null,
        null,
        9,
        9,
        null,
        null,
        9,
        9,
        null,
        null,
        null,
        null,
        9,
        9,
        9,
        9,
        9,
        null,
        null,
        9,
        36,
        null,
        36,
        null,
        null,
        null,
        null,
        36,
        null,
        null,
        9,
        36,
        null,
        null,
        9,
        9,
        null,
        null,
        9,
        9,
        null,
        null,
        9,
        9,
        null,
        null,
        9,
        9,
        null,
        null,
        null,
        null,
        null,
        null,
        9,
        9,
        9,
        36,
        36,
        null,
        36,
        36,
        36,
        36,
        null,
        36,
        36,
        null,
        null,
        9,
        36,
        36,
        36,
        null,
        null,
        9,
        36,
        null,
        null,
        9,
        9,
        null,
        null,
        9,
        9,
        null,
        null,
        9,
        9,
        null,
        null,
        9,
        9,
        null,
        null,
        null,
        9,
        9,
        18,
        null,
        18,
        18,
        18,
        18,
        18,
        null,
        18,
        18,
        null,
        null,
        9,
        18,
        18,
        18,
        null,
        null,
        9,
        18,
        null,
        null,
        9,
        9,
        null,
        null,
        9,
        9,
        null,
        null,
        null,
        null,
        null,
        null,
        9,
        9,
        9,
        9,
        9,
        null,
        null,
        9,
        45,
        null,
        null,
        9,
        45,
        45,
        null,
        45,
        null,
        null,
        null,
        45,
        null,
        null,
        9,
        9,
        null,
        null,
        9,
        9,
        null,
        null,
        9,
        9,
        null,
        null,
        9,
        9,
        null,
        null,
        9,
        9,
        null,
        null,
        null,
        null,
        null,
        null,
        null
      ],
      "/Users/leonid/src/macron-1/app/controllers/admin/crud_controller.rb": [
        null,
        null,
        1,
        1,
        1,
        1,
        1,
        null,
        1,
        37,
        37,
        37,
        null,
        null,
        null,
        null,
        null,
        null,
        null,
        null,
        37,
        null,
        null,
        null,
        null,
        null,
        null,
        null,
        null,
        null,
        1,
        37,
        37,
        null,
        null,
        null,
        null,
        null,
        null,
        null,
        null,
        null,
        null,
        null,
        null,
        37,
        null,
        null,
        null,
        null,
        null,
        null,
        null,
        null,
        null,
        37,
        20,
        0,
        null,
        null,
        null,
        null,
        null,
        null,
        null,
        null,
        null,
        null,
        20,
        null,
        null,
        null,
        null,
        null,
        null,
        null,
        null,
        null,
        null,
        null,
        null,
        null,
        null,
        null,
        null,
        null,
        20,
        null,
        null,
        null,
        null,
        null,
        null,
        null,
        20,
        null,
        null,
        null,
        null,
        null,
        null,
        null,
        null,
        20,
        null,
        null,
        37,
        null,
        null,
        1,
        301,
        null,
        null,
        null
      ],
      "/Users/leonid/src/macron-1/app/controllers/meta_controller.rb": [
        null,
        null,
        1,
        1,
        1,
        null,
        1,
        null,
        1,
        37,
        37,
        null,
        null,
        1,
        null,
        57,
        null,
        null,
        1,
        27,
        27,
        27,
        27,
        null,
        null,
        1,
        27,
        27,
        null,
        null,
        1,
        54,
        54,
        36,
        36,
        36,
        null,
        18,
        18,
        null,
        null,
        null,
        1,
        72,
        36,
        36,
        36,
        null,
        36,
        36,
        null,
        null,
        null,
        1,
        45,
        45,
        45,
        45,
        null,
        null,
        1,
        null,
        1,
        969,
        null,
        null,
        1,
        188,
        168,
        null,
        20,
        null,
        188,
        null,
        null,
        1,
        126,
        126,
        126,
        null,
        null,
        null,
        1,
        126,
        126,
        126,
        1512,
        98,
        0,
        168,
        1246,
        null,
        null,
        126,
        null,
        null,
        null,
        1,
        229,
        null,
        null,
        null,
        1,
        36,
        null,
        null,
        null,
        1,
        188,
        null,
        null,
        null,
        1,
        81,
        81,
        81,
        null,
        null,
        null,
        1,
        273,
        273,
        null,
        null
      ],
      "/Users/leonid/src/macron-1/app/controllers/concerns/admin_access.rb": [
        null,
        null,
        1,
        1,
        null,
        1,
        4,
        null,
        null,
        1,
        1,
        323,
        null,
        null
      ],
      "/Users/leonid/src/macron-1/app/lib/setting_proxy.rb": [
        null,
        null,
        null,
        1,
        1,
        null,
        1,
        null,
        null,
        null,
        null,
        1,
        2038,
        null,
        null,
        null,
        null,
        1,
        3142,
        3142,
        3142,
        null,
        null,
        null,
        null,
        null,
        null,
        1,
        13463,
        null,
        13463,
        3143,
        null,
        10320,
        null,
        null,
        null,
        null,
        null,
        null,
        null,
        1,
        10320,
        10320,
        null,
        null,
        null,
        null,
        null,
        null,
        1,
        3143,
        3143,
        3143,
        null,
        null
      ],
      "/Users/leonid/src/macron-1/app/lib/setting_interface.rb": [
        null,
        null,
        null,
        1,
        1,
        null,
        1,
        13633,
        null,
        null,
        null,
        null,
        null,
        null,
        null,
        null,
        1,
        null,
        13635,
        13635,
        13635,
        39661,
        39661,
        39661,
        39656,
        null,
        13453,
        null,
        null
      ],
      "/Users/leonid/src/macron-1/spec/controllers/page_controller_spec.rb": [
        null,
        null,
        1,
        1,
        null,
        1,
        1,
        1,
        1,
        1,
        1,
        1,
        null,
        null,
        1,
        1,
        1,
        1,
        1,
        1,
        null,
        null,
        null
      ],
      "/Users/leonid/src/macron-1/app/controllers/page_controller.rb": [
        null,
        null,
        1,
        1,
        1,
        null,
        1,
        7,
        null,
        7,
        0,
        null,
        null,
        null,
        null,
        null,
        7,
        null,
        null,
        null,
        null,
        null,
        null,
        7,
        null,
        null,
        null,
        null,
        null,
        1,
        0,
        null,
        null,
        1,
        2,
        null,
        null,
        null,
        null,
        null,
        2,
        null,
        2,
        3,
        3,
        null,
        null,
        null,
        1,
        4,
        null,
        8,
        4,
        4,
        0,
        null,
        null,
        null,
        null,
        1,
        1,
        4,
        8,
        null,
        4,
        null,
        null,
        1,
        6,
        6,
        null,
        null
      ],
      "/Users/leonid/src/macron-1/spec/controllers/phones_controller_spec.rb": [
        null,
        null,
        1,
        1,
        null,
        null,
        1,
        1,
        1,
        1,
        1,
        1,
        1,
        1,
        null,
        null,
        1,
        1,
        null,
        null,
        1,
        1,
        1,
        null,
        null
      ],
      "/Users/leonid/src/macron-1/app/controllers/phones_controller.rb": [
        null,
        null,
        null,
        null,
        null,
        null,
        1,
        null,
        1,
        1,
        null,
        null,
        1,
        1,
        null,
        1,
        null,
        null,
        null,
        3,
        null,
        null,
        1,
        0,
        0,
        null,
        0,
        null,
        null,
        null,
        1,
        1,
        1,
        null,
        1,
        null,
        null,
        0,
        null,
        null,
        null,
        1,
        null,
        null,
        1,
        0,
        null,
        0,
        null,
        null,
        0,
        null,
        null,
        null,
        null,
        0,
        null,
        0,
        0,
        null,
        null,
        null,
        0,
        null,
        null,
        null,
        null,
        0,
        null,
        null,
        null,
        1,
        3,
        null,
        null,
        1,
        1,
        3,
        747,
        null,
        null,
        null,
        9,
        null,
        9,
        3,
        3,
        3,
        null,
        null,
        1,
        0,
        null,
        null,
        null,
        null,
        null,
        null
      ],
      "/Users/leonid/src/macron-1/spec/controllers/registrations_controller_spec.rb": [
        null,
        null,
        1,
        1,
        null,
        null,
        1,
        1,
        1,
        1,
        1,
        null,
        null,
        1,
        null,
        null,
        null,
        null,
        null,
        1,
        1,
        null,
        null
      ],
      "/Users/leonid/src/macron-1/app/controllers/users/registrations_controller.rb": [
        null,
        null,
        1,
        1,
        null,
        1,
        1,
        1,
        null,
        1,
        0,
        0,
        0,
        null,
        null,
        null,
        null,
        null,
        null,
        null,
        0,
        0,
        null,
        null,
        null,
        null,
        null,
        null,
        null,
        null,
        null,
        null,
        null,
        1,
        null,
        1,
        1,
        1,
        null,
        null,
        null,
        1,
        1,
        1,
        null,
        null,
        1,
        2,
        2,
        2,
        2,
        null,
        null,
        1,
        1,
        249,
        null,
        null,
        null,
        3,
        null,
        3,
        1,
        1,
        1,
        null,
        null
      ],
      "/Users/leonid/src/macron-1/spec/features/auth_spec.rb": [
        null,
        null,
        1,
        null,
        1,
        1,
        1,
        1,
        null,
        null,
        1,
        1,
        1,
        null,
        null,
        1,
        1,
        1,
        null,
        null
      ],
      "/Users/leonid/src/macron-1/spec/features/login_spec.rb": [
        null,
        null,
        1,
        null,
        1,
        1,
        2,
        null,
        null,
        1,
        null,
        null,
        null,
        1,
        0,
        0,
        0,
        0,
        null,
        null,
        1,
        1,
        0,
        0,
        null,
        0,
        0,
        0,
        0,
        null,
        0,
        0,
        0,
        null,
        0,
        0,
        null,
        null
      ],
      "/Users/leonid/src/macron-1/spec/features/pages_spec.rb": [
        null,
        null,
        1,
        null,
        1,
        1,
        null,
        1,
        2,
        2,
        4,
        null,
        null,
        2,
        2,
        null,
        null,
        2,
        2,
        null,
        null,
        null
      ],
      "/Users/leonid/src/macron-1/spec/features/support_spec.rb": [
        null,
        null,
        1,
        null,
        1,
        1,
        1,
        1,
        null,
        null,
        1,
        1,
        null,
        null
      ],
      "/Users/leonid/src/macron-1/spec/helpers/path_helper_spec.rb": [
        null,
        null,
        1,
        null,
        null,
        1,
        1,
        10,
        null,
        1,
        10,
        null,
        null,
        1,
        1,
        null,
        null,
        1,
        1,
        null,
        null,
        1,
        1,
        null,
        null,
        1,
        1,
        null,
        null,
        1,
        1,
        null,
        null,
        1,
        1,
        null,
        null,
        1,
        1,
        null,
        null,
        1,
        1,
        null,
        null,
        1,
        1,
        null,
        null,
        1,
        1,
        null,
        null,
        null,
        1,
        1,
        5,
        5,
        null,
        1,
        5,
        5,
        null,
        null,
        1,
        1,
        null,
        null,
        1,
        1,
        null,
        null,
        1,
        1,
        null,
        null,
        1,
        1,
        null,
        null,
        1,
        1,
        null,
        null,
        null
      ],
      "/Users/leonid/src/macron-1/spec/helpers/settings_helper_spec.rb": [
        null,
        null,
        1,
        null,
        1,
        1,
        1,
        null,
        null,
        1,
        1,
        null,
        null,
        1,
        1,
        null,
        null,
        1,
        1,
        null,
        null,
        1,
        1,
        null,
        null,
        1,
        2,
        null,
        null,
        1,
        2,
        null,
        null,
        1,
        2,
        null,
        null,
        null,
        1,
        1,
        1,
        1,
        53,
        null,
        null,
        null,
        1,
        1,
        1,
        53,
        null,
        null,
        null
      ],
      "/Users/leonid/src/macron-1/spec/lib/component_spec.rb": [
        null,
        null,
        null,
        1,
        null,
        1,
        null,
        1,
        1,
        null,
        1,
        53,
        53,
        null,
        null,
        null,
        53,
        53,
        null,
        null,
        53,
        47,
        47,
        47,
        null,
        null,
        null,
        null,
        1,
        1,
        null,
        null,
        1,
        1,
        null,
        null,
        1,
        1,
        1,
        null,
        null,
        1,
        1,
        1,
        null,
        null,
        null
      ],
      "/Users/leonid/src/macron-1/app/lib/core/component.rb": [
        null,
        null,
        1,
        1,
        1,
        null,
        null,
        617,
        592,
        592,
        null,
        null,
        25,
        25,
        null,
        0,
        null,
        null,
        null,
        null,
        null,
        null,
        1,
        null,
        null,
        1,
        null,
        null,
        1,
        573,
        null,
        null,
        null,
        1,
        515,
        null,
        null,
        null,
        1,
        6,
        null,
        null,
        null,
        null,
        1,
        null,
        null,
        null,
        null,
        null,
        126,
        126,
        null,
        null,
        null,
        null,
        null,
        1,
        617,
        null,
        null,
        null,
        1,
        null,
        25,
        null,
        null,
        25,
        null,
        null,
        25,
        13,
        13,
        13,
        null,
        null,
        null,
        25,
        0,
        0,
        null,
        null,
        25,
        null,
        null,
        null,
        null,
        null,
        null,
        1,
        22,
        null,
        null,
        null,
        1,
        148,
        null,
        148,
        null,
        0,
        null,
        0,
        null,
        0,
        null,
        0,
        null,
        null,
        null,
        1,
        null,
        1,
        1360,
        null,
        null,
        null
      ],
      "/Users/leonid/src/macron-1/spec/lib/palette_spec.rb": [
        null,
        null,
        1,
        null,
        1,
        1,
        1,
        null,
        null,
        1,
        1,
        null,
        null,
        1,
        1,
        null,
        null,
        1,
        1,
        null,
        null,
        1,
        1,
        null,
        null,
        null,
        1,
        1,
        1,
        null,
        null,
        null,
        null,
        null,
        1,
        1,
        null,
        null,
        1,
        1,
        null,
        null,
        1,
        1,
        null,
        null
      ],
      "/Users/leonid/src/macron-1/app/lib/palette.rb": [
        null,
        null,
        1,
        1,
        null,
        1,
        null,
        106,
        null,
        null,
        null,
        null,
        null,
        null,
        null,
        null,
        null,
        null,
        null,
        null,
        null,
        null,
        null,
        null,
        null,
        null,
        106,
        null,
        106,
        106,
        106,
        null,
        null,
        null,
        1,
        108,
        105,
        null,
        3,
        null,
        null,
        null,
        null,
        1,
        1,
        null,
        null
      ],
      "/Users/leonid/src/macron-1/spec/lib/setting_interface_spec.rb": [
        null,
        null,
        1,
        null,
        1,
        1,
        1,
        null,
        null,
        null,
        null,
        null,
        null,
        null,
        null,
        null,
        null,
        null,
        null,
        null,
        null,
        null,
        null,
        null,
        1,
        1,
        null,
        null,
        1,
        1,
        null,
        null,
        1,
        1,
        null,
        null
      ],
      "/Users/leonid/src/macron-1/spec/lib/setting_proxy_spec.rb": [
        null,
        null,
        1,
        null,
        1,
        1,
        1,
        null,
        null,
        1,
        1,
        null,
        null,
        1,
        1,
        null,
        null,
        1,
        1,
        null,
        null,
        1,
        1,
        null,
        null
      ],
      "/Users/leonid/src/macron-1/spec/lib/site_setting_interface_spec.rb": [
        null,
        null,
        1,
        null,
        1,
        1,
        1,
        null,
        null,
        1,
        2,
        null,
        null,
        1,
        1,
        null,
        null,
        1,
        1,
        1,
        null,
        null
      ],
      "/Users/leonid/src/macron-1/app/lib/site_setting_interface.rb": [
        null,
        null,
        null,
        1,
        1,
        null,
        1,
        1,
        1,
        null,
        null,
        null,
        1,
        2,
        2,
        null,
        2,
        2,
        2,
        2,
        null,
        2,
        2,
        2,
        2,
        2,
        2,
        2,
        2,
        2,
        2,
        null,
        2,
        2,
        null,
        null,
        null,
        1,
        3511,
        3511,
        1,
        1,
        null,
        null,
        3511,
        null,
        null,
        null,
        null,
        null,
        null,
        1,
        14,
        14,
        null,
        null
      ],
      "/Users/leonid/src/macron-1/spec/models/user_spec.rb": [
        null,
        null,
        null,
        1,
        1,
        null,
        1,
        1,
        1,
        6,
        null,
        null,
        1,
        6,
        null,
        null,
        1,
        1,
        null,
        null,
        1,
        1,
        1,
        null,
        null,
        1,
        1,
        0,
        0,
        null,
        null,
        1,
        1,
        1,
        null,
        null,
        1,
        1,
        1,
        null,
        null,
        1,
        1,
        1,
        null,
        null,
        null,
        1,
        1,
        2,
        null,
        null,
        1,
        2,
        null,
        null,
        1,
        1,
        null,
        null,
        1,
        1,
        1,
        1,
        null,
        null,
        null,
        1,
        1,
        1,
        1,
        1,
        1,
        null,
        null,
        1,
        1,
        1,
        2,
        null,
        null,
        1,
        1,
        1,
        2,
        null,
        null,
        null,
        1,
        1,
        1,
        1,
        1,
        null,
        null,
        1,
        1,
        1,
        1,
        1,
        4,
        null,
        null,
        null,
        1,
        1,
        1,
        null,
        null,
        1,
        1,
        null,
        null,
        1,
        1,
        null,
        null,
        1,
        1,
        4,
        null,
        null,
        null,
        1,
        1,
        null,
        null,
        null,
        1,
        1,
        1,
        null,
        null,
        1,
        4,
        null,
        null,
        1,
        4,
        null,
        null,
        1,
        4,
        null,
        null,
        1,
        4,
        null,
        null,
        null,
        1,
        1,
        1,
        1,
        1,
        1,
        null,
        null,
        1,
        4,
        null,
        null,
        null,
        null
      ],
      "/Users/leonid/src/macron-1/spec/policies/headless_spec.rb": [
        null,
        null,
        null,
        null,
        1,
        null,
        1,
        1,
        4,
        4,
        null,
        null,
        1,
        4,
        null,
        null,
        1,
        1,
        null,
        null,
        1,
        1,
        null,
        null,
        null,
        1,
        1,
        null,
        null,
        1,
        null,
        1,
        null,
        null,
        null,
        1,
        1,
        13,
        13,
        null,
        null,
        1,
        13,
        13,
        null,
        null,
        null,
        1,
        2,
        null,
        null,
        1,
        1,
        null,
        null,
        1,
        1,
        null,
        null,
        null,
        1,
        1,
        null,
        null,
        1,
        1,
        null,
        null,
        null,
        1,
        2,
        null,
        null,
        1,
        1,
        null,
        null,
        1,
        1,
        null,
        null,
        null,
        1,
        1,
        null,
        null,
        1,
        1,
        null,
        null,
        1,
        1,
        null,
        null,
        1,
        1,
        null,
        null,
        null,
        1,
        1,
        null,
        null,
        null,
        1,
        1,
        1,
        1,
        null,
        null,
        1,
        1,
        1,
        null,
        null,
        1,
        1,
        null,
        null,
        null,
        null
      ],
      "/Users/leonid/src/macron-1/app/policies/headless_policy.rb": [
        null,
        null,
        1,
        1,
        1,
        null,
        1,
        1,
        418,
        null,
        null,
        1,
        1400,
        15,
        null,
        null,
        1,
        0,
        0,
        null,
        null
      ],
      "/Users/leonid/src/macron-1/app/lib/permissions.rb": [
        null,
        null,
        null,
        1,
        null,
        null,
        null,
        null,
        null,
        null,
        null,
        1,
        null,
        1843,
        null,
        1843,
        null,
        1843,
        1843,
        null,
        null,
        17,
        null,
        null,
        null,
        null,
        null,
        null,
        1,
        null,
        1846,
        1846,
        0,
        null,
        null,
        1846,
        null,
        null,
        null,
        null,
        1,
        1847,
        null,
        161,
        161,
        null,
        null,
        null,
        null,
        null,
        1,
        1846,
        1845,
        null,
        null,
        null,
        null,
        null,
        null,
        null,
        1,
        null,
        1847,
        190,
        171,
        0,
        null,
        19,
        null,
        null,
        1,
        null,
        1,
        1846,
        null,
        null
      ],
      "/Users/leonid/src/macron-1/spec/routing/admin_routing_spec.rb": [
        null,
        null,
        1,
        null,
        1,
        null,
        null,
        1,
        24,
        null,
        null,
        1,
        1,
        30,
        null,
        1,
        1,
        null,
        null,
        1,
        24,
        null,
        null,
        1,
        24,
        null,
        null,
        1,
        13,
        13,
        13,
        13,
        13,
        null,
        null,
        null,
        13,
        11,
        11,
        11,
        11,
        11,
        null,
        null,
        null,
        null
      ],
      "/Users/leonid/src/macron-1/spec/routing/frontend_routing_spec.rb": [
        null,
        null,
        1,
        null,
        1,
        null,
        1,
        1,
        30,
        null,
        1,
        6,
        6,
        6,
        6,
        null,
        null,
        null,
        6,
        6,
        6,
        6,
        6,
        null,
        null,
        null,
        null
      ],
      "/Users/leonid/src/macron-1/spec/routing/settings_routing_spec.rb": [
        null,
        null,
        1,
        null,
        1,
        null,
        null,
        1,
        28,
        28,
        null,
        null,
        null,
        1,
        28,
        null,
        null,
        1,
        1,
        30,
        null,
        1,
        1,
        null,
        null,
        1,
        28,
        null,
        null,
        1,
        28,
        null,
        null,
        1,
        15,
        15,
        15,
        15,
        15,
        null,
        null,
        null,
        15,
        13,
        13,
        13,
        13,
        null,
        null,
[...]
        0,
        null,
        null
      ],
      "/Users/leonid/src/macron-1/app/helpers/entry_helper.rb": [
        null,
        null,
        1,
        null,
        1,
        0,
        0,
        0,
        0,
        0,
        0,
        0,
        0,
        0,
        0,
        null,
        null,
        null,
        null,
        1,
        0,
        null,
        null
      ],
      "/Users/leonid/src/macron-1/app/helpers/dashboard_helper.rb": [
        null,
        null,
        1,
        1,
        0,
        0,
        null,
        0,
        null,
        null,
        null,
        1,
        0,
        0,
        null,
        0,
        null,
        null,
        null,
        1,
        0,
        0,
        null,
        0,
        null,
        null,
        null,
        1,
        0,
        0,
        0,
        0,
        0,
        0,
        0,
        0,
        null,
        null,
        null
      ],
      "/Users/leonid/src/macron-1/app/helpers/event_helper.rb": [
        null,
        null,
        1,
        1,
        0,
        0,
        null,
        0,
        null,
        null,
        null
      ],
      "/Users/leonid/src/macron-1/app/helpers/member_helper.rb": [
        null,
        null,
        1,
        1,
        0,
        0,
        0,
        0,
        0,
        0,
        null,
        null,
        null,
        1,
        0,
        0,
        0,
        0,
        0,
        null,
        null,
        0,
        0,
        0,
        0,
        0,
        null,
        null,
        null,
        null,
        null
      ],
      "/Users/leonid/src/macron-1/app/controllers/comments_controller.rb": [
        null,
        null,
        1,
        1,
        1,
        null,
        1,
        null,
        1,
        1,
        null,
        null,
        1,
        3,
        3,
        3,
        null,
        3,
        null,
        3,
        null,
        null,
        null,
        null,
        null,
        null,
        null,
        null,
        null,
        1,
        1,
        1,
        1,
        null,
        null,
        1,
        1,
        3,
        null,
        null,
        1,
        5,
        5,
        null,
        0,
        null,
        null,
        null,
        null,
        1,
        10,
        null,
        null,
        null,
        1,
        5,
        null,
        null
      ],
      "/Users/leonid/src/macron-1/app/controllers/application_controller.rb": [
        null,
        null,
        1,
        1,
        null,
        1,
        1,
        1,
        null,
        1,
        null,
        null,
        1,
        null,
        1,
        null,
        1,
        null,
        null,
        1,
        null,
        1,
        5,
        null,
        null,
        1,
        0,
        null,
        null,
        1,
        1,
        3,
        0,
        null,
        3,
        null,
        null,
        null,
        null,
        1,
        null,
        5,
        null,
        null,
        4,
        null,
        null,
        4,
        null,
        null
      ],
      "/Users/leonid/src/macron-1/app/controllers/concerns/site_settings.rb": [
        null,
        null,
        null,
        null,
        1,
        1,
        null,
        1,
        1,
        null,
        null,
        1,
        1,
        7,
        null,
        null,
        null,
        null
      ],
      "/Users/leonid/src/macron-1/app/controllers/concerns/trackable.rb": [
        null,
        null,
        null,
        1,
        1,
        null,
        null,
        null,
        null,
        1,
        null,
        3,
        null,
        null
      ],
      "/Users/leonid/src/macron-1/spec/controllers/phones_controller_spec.rb": [
        null,
        null,
        1,
        1,
        null,
        null,
        1,
        1,
        1,
        1,
        1,
        1,
        1,
        1,
        null,
        null,
        1,
        1,
        null,
        null,
        1,
        1,
        1,
        null,
        null
      ],
      "/Users/leonid/src/macron-1/app/controllers/phones_controller.rb": [
        null,
        null,
        null,
        null,
        null,
        null,
        1,
        null,
        1,
        1,
        null,
        null,
        1,
        1,
        null,
        1,
        null,
        null,
        null,
        2,
        null,
        null,
        1,
        0,
        0,
        null,
        0,
        null,
        null,
        null,
        1,
        0,
        0,
        null,
        0,
        null,
        null,
        0,
        null,
        null,
        null,
        0,
        null,
        null,
        1,
        0,
        null,
        0,
        null,
        null,
        0,
        null,
        null,
        null,
        null,
        0,
        null,
        0,
        0,
        null,
        null,
        null,
        0,
        null,
        null,
        null,
        null,
        0,
        null,
        null,
        null,
        1,
        2,
        null,
        null,
        1,
        1,
        2,
        498,
        null,
        null,
        null,
        6,
        null,
        6,
        2,
        2,
        2,
        null,
        null,
        1,
        0,
        null,
        null,
        null,
        null,
        null,
        null
      ],
      "/Users/leonid/src/macron-1/spec/helpers/settings_helper_spec.rb": [
        null,
        null,
        1,
        null,
        1,
        1,
        1,
        null,
        null,
        1,
        1,
        null,
        null,
        1,
        1,
        null,
        null,
        1,
        1,
        null,
        null,
        1,
        1,
        null,
        null,
        1,
        2,
        null,
        null,
        1,
        2,
        null,
        null,
        1,
        2,
        null,
        null,
        null,
        1,
        1,
        1,
        1,
        53,
        null,
        null,
        null,
        1,
        1,
        1,
        53,
        null,
        null,
        null
      ],
      "/Users/leonid/src/macron-1/spec/lib/setting_interface_spec.rb": [
        null,
        null,
        1,
        null,
        1,
        1,
        1,
        null,
        null,
        null,
        null,
        null,
        null,
        null,
        null,
        null,
        null,
        null,
        null,
        null,
        null,
        null,
        null,
        null,
        1,
        1,
        null,
        null,
        1,
        1,
        null,
        null,
        1,
        1,
        null,
        null
      ],
      "/Users/leonid/src/macron-1/app/lib/setting_interface.rb": [
        null,
        null,
        null,
        1,
        1,
        null,
        1,
        54,
        null,
        null,
        null,
        null,
        null,
        null,
        null,
        null,
        1,
        null,
        56,
        56,
        56,
        159,
        159,
        159,
        156,
        null,
        50,
        null,
        null
      ],
      "/Users/leonid/src/macron-1/app/lib/setting_proxy.rb": [
        null,
        null,
        null,
        1,
        1,
        null,
        1,
        null,
        null,
        null,
        null,
        1,
        6,
        null,
        null,
        null,
        null,
        1,
        5,
        5,
        5,
        null,
        null,
        null,
        null,
        null,
        null,
        1,
        53,
        null,
        53,
        5,
        null,
        48,
        null,
        null,
        null,
        null,
        null,
        null,
        null,
        1,
        48,
        48,
        null,
        null,
        null,
        null,
        null,
        null,
        1,
        5,
        5,
        5,
        null,
        null
      ],
      "/Users/leonid/src/macron-1/app/models/profile.rb": [
        null,
        null,
        1,
        1,
        1,
        null,
        1,
        null,
        1,
        1,
        null,
        null,
        null,
        1,
        null,
        1,
        0,
        0,
        0,
        0,
        0,
        0,
        0,
        null,
        null,
        1,
        0,
        null,
        null,
        1,
        0,
        0,
        null,
        null,
        1,
        11,
        null,
        null,
        1,
        11,
        null,
        null,
        1,
        0,
        0,
        null,
        null,
        1,
        0,
        0,
        null,
        null,
        1,
        0,
        null,
        null
      ],
      "/Users/leonid/src/macron-1/app/models/concerns/payloadable.rb": [
        null,
        null,
        1,
        1,
        null,
        1,
        3,
        20,
        null,
        20,
        22,
        22,
        null,
        null,
        20,
        26,
        26,
        null,
        null,
        null,
        3,
        20,
        null,
        null,
        null
      ],
      "/Users/leonid/src/macron-1/app/models/concerns/autoloadable.rb": [
        null,
        null,
        1,
        1,
        null,
        1,
        2,
        2,
        2,
        null,
        2,
        null,
        null,
        2,
        null,
        null,
        2,
        null,
        null,
        28,
        20,
        null,
        null,
        null,
        null,
        2,
        16,
        16,
        null,
        null,
        null,
        null,
        null,
        2,
        0,
        null,
        0,
        0,
        0,
        null,
        null,
        null,
        0,
        null,
        null,
        null
      ],
      "/Users/leonid/src/macron-1/app/lib/core/component.rb": [
        null,
        null,
        1,
        1,
        1,
        null,
        null,
        2,
        0,
        0,
        null,
        null,
        2,
        2,
        null,
        0,
        null,
        null,
        null,
        null,
        null,
        null,
        1,
        null,
        null,
        1,
        null,
        null,
        1,
        0,
        null,
        null,
        null,
        1,
        0,
        null,
        null,
        null,
        1,
        0,
        null,
        null,
        null,
        null,
        1,
        null,
        null,
        null,
        null,
        null,
        0,
        0,
        null,
        null,
        null,
        null,
        null,
        1,
        2,
        null,
        null,
        null,
        1,
        null,
        2,
        null,
        null,
        2,
        null,
        null,
        2,
        0,
        0,
        0,
        null,
        null,
        null,
        2,
        0,
        0,
        null,
        null,
        2,
        null,
        null,
        null,
        null,
        null,
        null,
        1,
        2,
        null,
        null,
        null,
        1,
        2,
        null,
        2,
        null,
        0,
        null,
        0,
        null,
        0,
        null,
        0,
        null,
        null,
        null,
        1,
        null,
        1,
        6,
        null,
        null,
        null
      ],
      "/Users/leonid/src/macron-1/app/lib/data_type.rb": [
        null,
        null,
        1,
        1,
        null,
        2,
        null,
        null,
        null,
        2,
        null,
        2,
        2,
        2,
        null,
        null,
        1,
        16,
        16,
        16,
        null,
        null
      ],
      "/Users/leonid/src/macron-1/app/models/role.rb": [
        null,
        null,
        1,
        1,
        67,
        null,
        1,
        null,
        null,
        null,
        1,
        null,
        null,
        null,
        1,
        null,
        null,
        1,
        null,
        1,
        1,
        null,
        1,
        0,
        0,
        null,
        null
      ],
      "/Users/leonid/src/macron-1/app/lib/site_setting_interface.rb": [
        null,
        null,
        null,
        1,
        1,
        null,
        1,
        1,
        1,
        null,
        null,
        null,
        1,
        0,
        0,
        null,
        0,
        0,
        0,
        0,
        null,
        0,
        0,
        0,
        0,
        0,
        0,
        0,
        0,
        0,
        0,
        null,
        0,
        0,
        null,
        null,
        null,
        1,
        12,
        12,
        0,
        0,
        null,
        null,
        12,
        null,
        null,
        null,
        null,
        null,
        null,
        1,
        0,
        0,
        null,
        null
      ],
      "/Users/leonid/src/macron-1/app/models/article.rb": [
        null,
        null,
        1,
        1,
        1,
        null,
        1,
        1,
        null
      ],
      "/Users/leonid/src/macron-1/app/models/entry.rb": [
        null,
        null,
        1,
        1,
        1,
        1,
        1,
        1,
        1,
        1,
        null,
        1,
        1,
        null,
        1,
        1,
        null,
        1,
        1,
        null,
        1,
        1,
        1,
        1,
        null,
        null,
        1,
        0,
        null,
        null,
        1,
        0,
        null,
        null
      ],
      "/Users/leonid/src/macron-1/app/models/concerns/nameable.rb": [
        null,
        null,
        1,
        1,
        null,
        1,
        1,
        null,
        null
      ],
      "/Users/leonid/src/macron-1/app/models/concerns/categorizable.rb": [
        null,
        null,
        1,
        1,
        null,
        1,
        1,
        null,
        null
      ],
      "/Users/leonid/src/macron-1/app/models/concerns/taggable.rb": [
        null,
        null,
        1,
        1,
        null,
        1,
        1,
        1,
        1,
        null,
        null
      ],
      "/Users/leonid/src/macron-1/app/models/concerns/slugged.rb": [
        null,
        null,
        1,
        null,
        1,
        1,
        null,
        1,
        2,
        2,
        2,
        null,
        2,
        8,
        null,
        null,
        null
      ],
      "/Users/leonid/src/macron-1/app/models/concerns/seoable.rb": [
        null,
        null,
        1,
        1,
        null,
        1,
        1,
        1,
        null,
        null
      ],
      "/Users/leonid/src/macron-1/app/models/concerns/pointable.rb": [
        null,
        null,
        1,
        1,
        null,
        1,
        1,
        0,
        null,
        0,
        0,
        0,
        null,
        null,
        0,
        0,
        null,
        null,
        0,
        null,
        null,
        null
      ],
      "/Users/leonid/src/macron-1/app/models/concerns/activitible.rb": [
        null,
        null,
        1,
        1,
        null,
        1,
        2,
        2,
        2,
        2,
        null,
        null,
        null,
        2,
        10,
        null,
        null,
        2,
        10,
        null,
        null,
        null,
        null,
        null,
        null,
        2,
        1,
        null,
        null,
        null,
        1,
        null,
        null,
        2,
        10,
        null,
        null,
        null,
        4,
        4,
        null,
        null,
        null,
        4,
        4,
        null,
        null,
        null,
        null
      ],
      "/Users/leonid/src/macron-1/app/models/category.rb": [
        null,
        null,
        1,
        null,
        1,
        1,
        1,
        null,
        1,
        1,
        null,
        1,
        1,
        1,
        1,
        1,
        1,
        1,
        null,
        1,
        null,
        1,
        0,
        0,
        0,
        null,
        null,
        null,
        1,
        0,
        null,
        null
      ],
      "/Users/leonid/src/macron-1/app/models/concerns/colorizable.rb": [
        null,
        null,
        1,
        1,
        null,
        1,
        1,
        null,
        null
      ],
      "/Users/leonid/src/macron-1/app/models/color.rb": [
        null,
        null,
        1,
        1,
        1,
        null
      ],
      "/Users/leonid/src/macron-1/app/models/activity.rb": [
        null,
        null,
        1,
        1,
        null,
        1,
        null,
        1,
        1,
        null,
        1,
        null,
        1,
        10,
        null,
        null,
        null,
        null,
        null
      ],
      "/Users/leonid/src/macron-1/app/models/comment.rb": [
        null,
        null,
        1,
        1,
        null,
        1,
        1,
        1,
        null,
        1,
        null,
        1,
        1,
        null,
        null,
        1,
        null,
        null,
        null,
        null,
        null,
        null,
        1,
        5,
        null,
        null,
        1,
        1,
        6,
        6,
        null,
        null
      ],
      "/Users/leonid/src/macron-1/app/models/user_context.rb": [
        null,
        null,
        null,
        1,
        1,
        1,
        5,
        5,
        null,
        null
      ],
      "/Users/leonid/src/macron-1/app/policies/comment_policy.rb": [
        null,
        null,
        1,
        1,
        1,
        null,
        1,
        1,
        0,
        null,
        null,
        1,
        0,
        0,
        null,
        null,
        1,
        0,
        0,
        null,
        null,
        1,
        0,
        0,
        null,
        null,
        1,
        3,
        0,
        null,
        null,
        1,
        0,
        0,
        null,
        null,
        1,
        1,
        0,
        null,
        null
      ],
      "/Users/leonid/src/macron-1/app/policies/application_policy.rb": [
        null,
        null,
        1,
        1,
        null,
        1,
        5,
        5,
        5,
        null,
        null,
        1,
        0,
        null,
        null,
        1,
        0,
        null,
        null,
        1,
        0,
        null,
        null,
        1,
        0,
        null,
        null,
        1,
        0,
        null,
        null,
        1,
        0,
        null,
        null,
        1,
        0,
        null,
        null,
        null,
        1,
        0,
        null,
        null,
        1,
        1,
        null,
        1,
        0,
        0,
        null,
        null,
        1,
        0,
        null,
        null,
        null
      ],
      "/Users/leonid/src/macron-1/app/lib/permissions.rb": [
        null,
        null,
        null,
        1,
        null,
        null,
        null,
        null,
        null,
        null,
        null,
        1,
        null,
        5,
        null,
        5,
        null,
        5,
        5,
        null,
        null,
        0,
        null,
        null,
        null,
        null,
        null,
        null,
        1,
        null,
        5,
        5,
        0,
        null,
        null,
        5,
        null,
        null,
        null,
        null,
        1,
        5,
        null,
        1,
        1,
        null,
        null,
        null,
        null,
        null,
        1,
        5,
        5,
        null,
        null,
        null,
        null,
        null,
        null,
        null,
        1,
        null,
        5,
        1,
        1,
        0,
        null,
        0,
        null,
        null,
        1,
        null,
        1,
        5,
        null,
        null
      ]
    },
    "timestamp": 1571373678
  }
}
